2025-03-24 13:23:36,422 - root - INFO - MainThread - Logging initialized at level INFO
2025-03-24 13:23:36,422 - root - INFO - MainThread - Starting KiteTrader...
2025-03-24 13:23:36,424 - root - INFO - MainThread - Starting trading engine...
2025-03-24 13:23:36,427 - root - INFO - MainThread - Fetching instrument tokens...
2025-03-24 13:23:36,529 - root - INFO - PerfMonitor - System stats: Memory=97.2MB, CPU=9.0%, Threads=2.0
2025-03-24 13:23:37,396 - root - INFO - MainThread - Updated instrument tokens for 0 symbols
2025-03-24 13:23:37,408 - root - INFO - MainThread - Fetching previous close prices...
2025-03-24 13:23:37,673 - root - INFO - MainThread - Previous close prices fetched
2025-03-24 13:23:37,673 - root - INFO - MainThread - Loaded 3 symbols for tracking
2025-03-24 13:23:37,674 - root - INFO - MainThread - Calculated price targets for 3 symbols
2025-03-24 13:23:37,674 - root - INFO - MainThread - Starting with 0 orders already sent today (max: 2000)
2025-03-24 13:23:37,675 - root - INFO - MainThread - Scheduled GTT cancellation tasks. Intraday at: 19:00:00, Regular at: 23:51:00
2025-03-24 13:23:37,675 - root - INFO - MainThread - Scheduled daily cleanup task at: 23:59:00
2025-03-24 13:23:37,675 - root - INFO - MainThread - Trading engine started (Test Mode: False)
2025-03-24 13:23:37,675 - root - INFO - MainThread - Trading engine running. Press Ctrl+C to stop.
2025-03-24 13:23:37,891 - root - INFO - KiteTicker - WebSocket connected
2025-03-24 13:23:37,892 - root - INFO - KiteTicker - Subscribed to 3 tokens
2025-03-24 13:24:37,501 - root - INFO - PerfMonitor - System stats: Memory=168.0MB, CPU=0.0%, Threads=6.8
2025-03-24 13:25:38,506 - root - INFO - PerfMonitor - System stats: Memory=168.0MB, CPU=0.0%, Threads=7.0
2025-03-24 13:26:39,524 - root - INFO - PerfMonitor - System stats: Memory=168.0MB, CPU=0.1%, Threads=7.0
2025-03-24 13:27:40,520 - root - INFO - PerfMonitor - System stats: Memory=76.9MB, CPU=0.1%, Threads=7.0
2025-03-24 13:28:41,522 - root - INFO - PerfMonitor - System stats: Memory=80.5MB, CPU=0.1%, Threads=7.0
2025-03-24 13:29:42,525 - root - INFO - PerfMonitor - System stats: Memory=80.5MB, CPU=0.1%, Threads=7.0
2025-03-24 13:30:43,513 - root - INFO - PerfMonitor - System stats: Memory=80.5MB, CPU=0.1%, Threads=7.0
2025-03-24 13:31:44,511 - root - INFO - PerfMonitor - System stats: Memory=81.0MB, CPU=0.0%, Threads=7.0
2025-03-24 13:32:45,519 - root - INFO - PerfMonitor - System stats: Memory=80.8MB, CPU=0.1%, Threads=7.0
2025-03-24 13:33:46,474 - root - INFO - PerfMonitor - System stats: Memory=80.8MB, CPU=0.0%, Threads=7.0
2025-03-24 13:34:47,459 - root - INFO - PerfMonitor - System stats: Memory=80.8MB, CPU=0.8%, Threads=7.0
2025-03-24 13:35:48,447 - root - INFO - PerfMonitor - System stats: Memory=80.9MB, CPU=0.1%, Threads=7.0
2025-03-24 13:36:49,420 - root - INFO - PerfMonitor - System stats: Memory=80.9MB, CPU=0.0%, Threads=7.0
2025-03-24 13:37:50,403 - root - INFO - PerfMonitor - System stats: Memory=81.0MB, CPU=0.0%, Threads=7.0
2025-03-24 13:38:12,888 - root - INFO - MainThread - Received signal 2, shutting down...
2025-03-24 13:38:12,888 - root - INFO - MainThread - Stopping trading engine...
2025-03-24 13:38:12,958 - kiteconnect.ticker - ERROR - KiteTicker - Connection closed: None - None
2025-03-24 13:38:12,958 - root - INFO - KiteTicker - WebSocket disconnected: None (Code: None)
2025-03-24 13:38:13,346 - root - INFO - MainThread - Trading engine stopped
2025-03-24 13:38:13,346 - root - INFO - MainThread - Trading system stopped
2025-03-24 13:38:15,060 - root - INFO - MainThread - Logging initialized at level INFO
2025-03-24 13:38:15,061 - root - INFO - MainThread - Starting KiteTrader...
2025-03-24 13:38:15,062 - root - ERROR - MainThread - Error loading config: name 'credentials_config_path' is not defined
2025-03-24 13:38:15,062 - root - ERROR - MainThread - Failed to load configuration, exiting
2025-03-24 13:39:43,834 - root - INFO - MainThread - Logging initialized at level INFO
2025-03-24 13:39:43,834 - root - INFO - MainThread - Starting KiteTrader...
2025-03-24 13:39:43,836 - root - INFO - MainThread - Starting trading engine...
2025-03-24 13:39:43,838 - root - INFO - MainThread - Fetching instrument tokens...
2025-03-24 13:39:43,938 - root - INFO - PerfMonitor - System stats: Memory=97.1MB, CPU=7.7%, Threads=2.0
2025-03-24 13:39:44,793 - root - INFO - MainThread - Updated instrument tokens for 0 symbols
2025-03-24 13:39:44,803 - root - INFO - MainThread - Fetching previous close prices...
2025-03-24 13:39:45,063 - root - INFO - MainThread - Previous close prices fetched
2025-03-24 13:39:45,064 - root - INFO - MainThread - Loaded 3 symbols for tracking
2025-03-24 13:39:45,065 - root - INFO - MainThread - Calculated price targets for 3 symbols
2025-03-24 13:39:45,065 - root - INFO - MainThread - Starting with 0 orders already sent today (max: 2000)
2025-03-24 13:39:45,065 - root - INFO - MainThread - Scheduled GTT cancellation tasks. Intraday at: 19:00:00, Regular at: 23:51:00
2025-03-24 13:39:45,065 - root - INFO - MainThread - Scheduled daily cleanup task at: 23:59:00
2025-03-24 13:39:45,065 - root - INFO - MainThread - Trading engine started (Test Mode: False)
2025-03-24 13:39:45,065 - root - INFO - MainThread - Trading engine running. Press Ctrl+C to stop.
2025-03-24 13:39:45,286 - root - INFO - KiteTicker - WebSocket connected
2025-03-24 13:39:45,286 - root - INFO - KiteTicker - Subscribed to 3 tokens
2025-03-24 13:39:48,312 - root - INFO - MainThread - Received signal 2, shutting down...
2025-03-24 13:39:48,312 - root - INFO - MainThread - Stopping trading engine...
2025-03-24 13:39:48,578 - kiteconnect.ticker - ERROR - KiteTicker - Connection closed: None - None
2025-03-24 13:39:48,578 - root - INFO - KiteTicker - WebSocket disconnected: None (Code: None)
2025-03-24 13:39:48,595 - root - INFO - MainThread - Trading engine stopped
2025-03-24 13:39:48,595 - root - INFO - MainThread - Trading system stopped
2025-03-24 13:39:59,022 - root - INFO - MainThread - Logging initialized at level INFO
2025-03-24 13:39:59,023 - root - INFO - MainThread - Starting KiteTrader...
2025-03-24 13:39:59,024 - root - INFO - MainThread - Starting trading engine...
2025-03-24 13:39:59,026 - root - INFO - MainThread - Fetching instrument tokens...
2025-03-24 13:39:59,127 - root - INFO - PerfMonitor - System stats: Memory=97.2MB, CPU=8.8%, Threads=2.0
2025-03-24 13:39:59,968 - root - INFO - MainThread - Updated instrument tokens for 0 symbols
2025-03-24 13:39:59,979 - root - INFO - MainThread - Fetching previous close prices...
2025-03-24 13:40:00,244 - root - INFO - MainThread - Previous close prices fetched
2025-03-24 13:40:00,244 - root - INFO - MainThread - Loaded 3 symbols for tracking
2025-03-24 13:40:00,245 - root - INFO - MainThread - Calculated price targets for 3 symbols
2025-03-24 13:40:00,245 - root - INFO - MainThread - Starting with 0 orders already sent today (max: 2000)
2025-03-24 13:40:00,245 - root - INFO - MainThread - Scheduled GTT cancellation tasks. Intraday at: 19:00:00, Regular at: 23:51:00
2025-03-24 13:40:00,246 - root - INFO - MainThread - Scheduled daily cleanup task at: 23:59:00
2025-03-24 13:40:00,246 - root - INFO - MainThread - Trading engine started (Test Mode: False)
2025-03-24 13:40:00,246 - root - INFO - MainThread - Trading engine running. Press Ctrl+C to stop.
2025-03-24 13:40:00,406 - root - INFO - KiteTicker - WebSocket connected
2025-03-24 13:40:00,406 - root - INFO - KiteTicker - Subscribed to 3 tokens
2025-03-24 13:40:11,625 - root - INFO - MainThread - Received signal 2, shutting down...
2025-03-24 13:40:11,625 - root - INFO - MainThread - Stopping trading engine...
2025-03-24 13:40:11,843 - root - INFO - MainThread - Trading engine stopped
2025-03-24 13:40:11,843 - root - INFO - MainThread - Trading system stopped
2025-03-24 13:40:13,355 - root - INFO - MainThread - Logging initialized at level INFO
2025-03-24 13:40:13,355 - root - INFO - MainThread - Starting KiteTrader...
2025-03-24 13:40:13,356 - root - INFO - MainThread - Starting trading engine...
2025-03-24 13:40:13,359 - root - INFO - MainThread - Fetching instrument tokens...
2025-03-24 13:40:13,462 - root - INFO - PerfMonitor - System stats: Memory=96.4MB, CPU=7.8%, Threads=2.0
2025-03-24 13:40:14,283 - root - INFO - MainThread - Updated instrument tokens for 0 symbols
2025-03-24 13:40:14,294 - root - INFO - MainThread - Fetching previous close prices...
2025-03-24 13:40:14,365 - root - ERROR - MainThread - Error fetching quotes for chunk: Invalid `api_key` or `access_token`.
2025-03-24 13:40:14,365 - root - INFO - MainThread - Previous close prices fetched
2025-03-24 13:40:14,365 - root - INFO - MainThread - Loaded 3 symbols for tracking
2025-03-24 13:40:14,366 - root - INFO - MainThread - Calculated price targets for 3 symbols
2025-03-24 13:40:14,366 - root - INFO - MainThread - Starting with 0 orders already sent today (max: 2000)
2025-03-24 13:40:14,367 - root - INFO - MainThread - Scheduled GTT cancellation tasks. Intraday at: 19:00:00, Regular at: 23:51:00
2025-03-24 13:40:14,367 - root - INFO - MainThread - Scheduled daily cleanup task at: 23:59:00
2025-03-24 13:40:14,367 - root - INFO - MainThread - Trading engine started (Test Mode: False)
2025-03-24 13:40:14,367 - root - INFO - MainThread - Trading engine running. Press Ctrl+C to stop.
2025-03-24 13:40:14,530 - kiteconnect.ticker - ERROR - KiteTicker - Connection error: 1006 - connection was closed uncleanly (WebSocket connection upgrade failed (400 - BadRequest))
2025-03-24 13:40:14,530 - root - ERROR - KiteTicker - WebSocket error: connection was closed uncleanly (WebSocket connection upgrade failed (400 - BadRequest)) (Code: 1006)
2025-03-24 13:40:14,530 - kiteconnect.ticker - ERROR - KiteTicker - Connection closed: 1006 - connection was closed uncleanly (WebSocket connection upgrade failed (400 - BadRequest))
2025-03-24 13:40:14,530 - root - INFO - KiteTicker - WebSocket disconnected: connection was closed uncleanly (WebSocket connection upgrade failed (400 - BadRequest)) (Code: 1006)
2025-03-24 13:40:17,749 - kiteconnect.ticker - ERROR - KiteTicker - Connection error: 1006 - connection was closed uncleanly (WebSocket connection upgrade failed (400 - BadRequest))
2025-03-24 13:40:17,750 - root - ERROR - KiteTicker - WebSocket error: connection was closed uncleanly (WebSocket connection upgrade failed (400 - BadRequest)) (Code: 1006)
2025-03-24 13:40:17,750 - kiteconnect.ticker - ERROR - KiteTicker - Connection closed: 1006 - connection was closed uncleanly (WebSocket connection upgrade failed (400 - BadRequest))
2025-03-24 13:40:17,750 - root - INFO - KiteTicker - WebSocket disconnected: connection was closed uncleanly (WebSocket connection upgrade failed (400 - BadRequest)) (Code: 1006)
2025-03-24 13:40:25,258 - root - INFO - MainThread - Received signal 2, shutting down...
2025-03-24 13:40:25,259 - root - INFO - MainThread - Stopping trading engine...
2025-03-24 13:40:25,465 - root - INFO - MainThread - Trading engine stopped
2025-03-24 13:40:25,465 - root - INFO - MainThread - Trading system stopped
2025-03-24 13:40:30,124 - root - INFO - MainThread - Logging initialized at level INFO
2025-03-24 13:40:30,124 - root - INFO - MainThread - Starting KiteTrader...
2025-03-24 13:40:30,126 - root - INFO - MainThread - Starting trading engine...
2025-03-24 13:40:30,128 - root - INFO - MainThread - Fetching instrument tokens...
2025-03-24 13:40:30,231 - root - INFO - PerfMonitor - System stats: Memory=96.1MB, CPU=7.5%, Threads=2.0
2025-03-24 13:40:31,071 - root - INFO - MainThread - Updated instrument tokens for 0 symbols
2025-03-24 13:40:31,080 - root - INFO - MainThread - Fetching previous close prices...
2025-03-24 13:40:31,141 - root - ERROR - MainThread - Error fetching quotes for chunk: Invalid `api_key` or `access_token`.
2025-03-24 13:40:31,141 - root - INFO - MainThread - Previous close prices fetched
2025-03-24 13:40:31,141 - root - INFO - MainThread - Loaded 3 symbols for tracking
2025-03-24 13:40:31,142 - root - INFO - MainThread - Calculated price targets for 3 symbols
2025-03-24 13:40:31,142 - root - INFO - MainThread - Starting with 0 orders already sent today (max: 2000)
2025-03-24 13:40:31,143 - root - INFO - MainThread - Scheduled GTT cancellation tasks. Intraday at: 19:00:00, Regular at: 23:51:00
2025-03-24 13:40:31,143 - root - INFO - MainThread - Scheduled daily cleanup task at: 23:59:00
2025-03-24 13:40:31,143 - root - INFO - MainThread - Trading engine started (Test Mode: False)
2025-03-24 13:40:31,143 - root - INFO - MainThread - Trading engine running. Press Ctrl+C to stop.
2025-03-24 13:40:31,318 - kiteconnect.ticker - ERROR - KiteTicker - Connection error: 1006 - connection was closed uncleanly (WebSocket connection upgrade failed (400 - BadRequest))
2025-03-24 13:40:31,318 - root - ERROR - KiteTicker - WebSocket error: connection was closed uncleanly (WebSocket connection upgrade failed (400 - BadRequest)) (Code: 1006)
2025-03-24 13:40:31,318 - kiteconnect.ticker - ERROR - KiteTicker - Connection closed: 1006 - connection was closed uncleanly (WebSocket connection upgrade failed (400 - BadRequest))
2025-03-24 13:40:31,318 - root - INFO - KiteTicker - WebSocket disconnected: connection was closed uncleanly (WebSocket connection upgrade failed (400 - BadRequest)) (Code: 1006)
2025-03-24 13:40:34,121 - kiteconnect.ticker - ERROR - KiteTicker - Connection error: 1006 - connection was closed uncleanly (WebSocket connection upgrade failed (400 - BadRequest))
2025-03-24 13:40:34,122 - root - ERROR - KiteTicker - WebSocket error: connection was closed uncleanly (WebSocket connection upgrade failed (400 - BadRequest)) (Code: 1006)
2025-03-24 13:40:34,122 - kiteconnect.ticker - ERROR - KiteTicker - Connection closed: 1006 - connection was closed uncleanly (WebSocket connection upgrade failed (400 - BadRequest))
2025-03-24 13:40:34,122 - root - INFO - KiteTicker - WebSocket disconnected: connection was closed uncleanly (WebSocket connection upgrade failed (400 - BadRequest)) (Code: 1006)
2025-03-24 13:40:34,913 - root - INFO - MainThread - Received signal 2, shutting down...
2025-03-24 13:40:34,913 - root - INFO - MainThread - Stopping trading engine...
2025-03-24 13:40:35,183 - root - INFO - MainThread - Trading engine stopped
2025-03-24 13:40:35,183 - root - INFO - MainThread - Trading system stopped
2025-03-24 13:40:54,267 - root - INFO - MainThread - Logging initialized at level INFO
2025-03-24 13:40:54,267 - root - INFO - MainThread - Starting KiteTrader...
2025-03-24 13:40:54,268 - root - INFO - MainThread - Starting trading engine...
2025-03-24 13:40:54,271 - root - INFO - MainThread - Fetching instrument tokens...
2025-03-24 13:40:54,373 - root - INFO - PerfMonitor - System stats: Memory=97.1MB, CPU=7.8%, Threads=2.0
2025-03-24 13:40:55,227 - root - INFO - MainThread - Updated instrument tokens for 0 symbols
2025-03-24 13:40:55,237 - root - INFO - MainThread - Fetching previous close prices...
2025-03-24 13:40:55,298 - root - ERROR - MainThread - Error fetching quotes for chunk: Invalid `api_key` or `access_token`.
2025-03-24 13:40:55,298 - root - INFO - MainThread - Previous close prices fetched
2025-03-24 13:40:55,298 - root - INFO - MainThread - Loaded 3 symbols for tracking
2025-03-24 13:40:55,299 - root - INFO - MainThread - Calculated price targets for 3 symbols
2025-03-24 13:40:55,299 - root - INFO - MainThread - Starting with 0 orders already sent today (max: 2000)
2025-03-24 13:40:55,300 - root - INFO - MainThread - Scheduled GTT cancellation tasks. Intraday at: 19:00:00, Regular at: 23:51:00
2025-03-24 13:40:55,300 - root - INFO - MainThread - Scheduled daily cleanup task at: 23:59:00
2025-03-24 13:40:55,300 - root - INFO - MainThread - Trading engine started (Test Mode: False)
2025-03-24 13:40:55,300 - root - INFO - MainThread - Trading engine running. Press Ctrl+C to stop.
2025-03-24 13:40:55,474 - kiteconnect.ticker - ERROR - KiteTicker - Connection error: 1006 - connection was closed uncleanly (WebSocket connection upgrade failed (400 - BadRequest))
2025-03-24 13:40:55,474 - root - ERROR - KiteTicker - WebSocket error: connection was closed uncleanly (WebSocket connection upgrade failed (400 - BadRequest)) (Code: 1006)
2025-03-24 13:40:55,474 - kiteconnect.ticker - ERROR - KiteTicker - Connection closed: 1006 - connection was closed uncleanly (WebSocket connection upgrade failed (400 - BadRequest))
2025-03-24 13:40:55,474 - root - INFO - KiteTicker - WebSocket disconnected: connection was closed uncleanly (WebSocket connection upgrade failed (400 - BadRequest)) (Code: 1006)
2025-03-24 13:40:58,459 - kiteconnect.ticker - ERROR - KiteTicker - Connection error: 1006 - connection was closed uncleanly (WebSocket connection upgrade failed (400 - BadRequest))
2025-03-24 13:40:58,459 - root - ERROR - KiteTicker - WebSocket error: connection was closed uncleanly (WebSocket connection upgrade failed (400 - BadRequest)) (Code: 1006)
2025-03-24 13:40:58,459 - kiteconnect.ticker - ERROR - KiteTicker - Connection closed: 1006 - connection was closed uncleanly (WebSocket connection upgrade failed (400 - BadRequest))
2025-03-24 13:40:58,459 - root - INFO - KiteTicker - WebSocket disconnected: connection was closed uncleanly (WebSocket connection upgrade failed (400 - BadRequest)) (Code: 1006)
2025-03-24 13:41:02,598 - root - INFO - MainThread - Received signal 2, shutting down...
2025-03-24 13:41:02,598 - root - INFO - MainThread - Stopping trading engine...
2025-03-24 13:41:02,859 - root - INFO - MainThread - Trading engine stopped
2025-03-24 13:41:02,859 - root - INFO - MainThread - Trading system stopped
2025-03-24 13:41:11,846 - root - INFO - MainThread - Logging initialized at level INFO
2025-03-24 13:41:11,846 - root - INFO - MainThread - Starting KiteTrader...
2025-03-24 13:41:11,848 - root - INFO - MainThread - Starting trading engine...
2025-03-24 13:41:11,850 - root - INFO - MainThread - Fetching instrument tokens...
2025-03-24 13:41:11,952 - root - INFO - PerfMonitor - System stats: Memory=96.6MB, CPU=7.3%, Threads=2.0
2025-03-24 13:41:12,813 - root - INFO - MainThread - Updated instrument tokens for 0 symbols
2025-03-24 13:41:12,824 - root - INFO - MainThread - Fetching previous close prices...
2025-03-24 13:41:13,098 - root - INFO - MainThread - Previous close prices fetched
2025-03-24 13:41:13,098 - root - INFO - MainThread - Loaded 3 symbols for tracking
2025-03-24 13:41:13,099 - root - INFO - MainThread - Calculated price targets for 3 symbols
2025-03-24 13:41:13,100 - root - INFO - MainThread - Starting with 0 orders already sent today (max: 2000)
2025-03-24 13:41:13,100 - root - INFO - MainThread - Scheduled GTT cancellation tasks. Intraday at: 19:00:00, Regular at: 23:51:00
2025-03-24 13:41:13,100 - root - INFO - MainThread - Scheduled daily cleanup task at: 23:59:00
2025-03-24 13:41:13,100 - root - INFO - MainThread - Trading engine started (Test Mode: False)
2025-03-24 13:41:13,100 - root - INFO - MainThread - Trading engine running. Press Ctrl+C to stop.
2025-03-24 13:41:13,284 - root - INFO - KiteTicker - WebSocket connected
2025-03-24 13:41:13,284 - root - INFO - KiteTicker - Subscribed to 3 tokens
2025-03-24 13:41:19,845 - root - INFO - MainThread - Received signal 2, shutting down...
2025-03-24 13:41:19,845 - root - INFO - MainThread - Stopping trading engine...
2025-03-24 13:41:19,903 - kiteconnect.ticker - ERROR - KiteTicker - Connection closed: None - None
2025-03-24 13:41:19,903 - root - INFO - KiteTicker - WebSocket disconnected: None (Code: None)
2025-03-24 13:41:20,026 - root - INFO - MainThread - Received signal 2, shutting down...
2025-03-24 13:41:20,026 - root - INFO - MainThread - Trading system stopped
2025-03-24 13:41:25,239 - root - INFO - MainThread - Logging initialized at level INFO
2025-03-24 13:41:25,239 - root - INFO - MainThread - Starting KiteTrader...
2025-03-24 13:41:25,241 - root - INFO - MainThread - Starting trading engine...
2025-03-24 13:41:25,243 - root - INFO - MainThread - Fetching instrument tokens...
2025-03-24 13:41:25,346 - root - INFO - PerfMonitor - System stats: Memory=96.6MB, CPU=8.3%, Threads=2.0
2025-03-24 13:41:26,200 - root - INFO - MainThread - Updated instrument tokens for 0 symbols
2025-03-24 13:41:26,211 - root - INFO - MainThread - Fetching previous close prices...
2025-03-24 13:41:26,272 - root - ERROR - MainThread - Error fetching quotes for chunk: Incorrect `api_key` or `access_token`.
2025-03-24 13:41:26,272 - root - INFO - MainThread - Previous close prices fetched
2025-03-24 13:41:26,272 - root - INFO - MainThread - Loaded 3 symbols for tracking
2025-03-24 13:41:26,273 - root - INFO - MainThread - Calculated price targets for 3 symbols
2025-03-24 13:41:26,274 - root - INFO - MainThread - Starting with 0 orders already sent today (max: 2000)
2025-03-24 13:41:26,274 - root - INFO - MainThread - Scheduled GTT cancellation tasks. Intraday at: 19:00:00, Regular at: 23:51:00
2025-03-24 13:41:26,274 - root - INFO - MainThread - Scheduled daily cleanup task at: 23:59:00
2025-03-24 13:41:26,274 - root - INFO - MainThread - Trading engine started (Test Mode: False)
2025-03-24 13:41:26,274 - root - INFO - MainThread - Trading engine running. Press Ctrl+C to stop.
2025-03-24 13:41:26,476 - kiteconnect.ticker - ERROR - KiteTicker - Connection error: 1006 - connection was closed uncleanly (WebSocket connection upgrade failed (400 - BadRequest))
2025-03-24 13:41:26,476 - root - ERROR - KiteTicker - WebSocket error: connection was closed uncleanly (WebSocket connection upgrade failed (400 - BadRequest)) (Code: 1006)
2025-03-24 13:41:26,476 - kiteconnect.ticker - ERROR - KiteTicker - Connection closed: 1006 - connection was closed uncleanly (WebSocket connection upgrade failed (400 - BadRequest))
2025-03-24 13:41:26,476 - root - INFO - KiteTicker - WebSocket disconnected: connection was closed uncleanly (WebSocket connection upgrade failed (400 - BadRequest)) (Code: 1006)
2025-03-24 13:41:27,923 - root - INFO - MainThread - Received signal 2, shutting down...
2025-03-24 13:41:27,923 - root - INFO - MainThread - Stopping trading engine...
2025-03-24 13:41:28,194 - root - INFO - MainThread - Received signal 2, shutting down...
2025-03-24 13:41:28,194 - root - INFO - MainThread - Trading system stopped
